0 info it worked if it ends with ok
1 verbose cli [ '/usr/local/bin/node', '/usr/local/bin/npm', 'update' ]
2 info using npm@2.14.12
3 info using node@v4.3.0
4 silly mapToRegistry name bootstrap
5 silly mapToRegistry using default registry
6 silly mapToRegistry registry https://registry.npmjs.org/
7 silly mapToRegistry uri https://registry.npmjs.org/bootstrap
8 silly mapToRegistry name flot
9 silly mapToRegistry using default registry
10 silly mapToRegistry registry https://registry.npmjs.org/
11 silly mapToRegistry uri https://registry.npmjs.org/flot
12 silly mapToRegistry name jquery
13 silly mapToRegistry using default registry
14 silly mapToRegistry registry https://registry.npmjs.org/
15 silly mapToRegistry uri https://registry.npmjs.org/jquery
16 verbose request uri https://registry.npmjs.org/bootstrap
17 verbose request no auth needed
18 info attempt registry request try #1 at 6:29:56 PM
19 verbose request id 2b3e9112540d82ee
20 verbose etag "35RPSIAJ5T4PEJ4MNIPXQ3BST"
21 http request GET https://registry.npmjs.org/bootstrap
22 verbose request uri https://registry.npmjs.org/flot
23 verbose request no auth needed
24 info attempt registry request try #1 at 6:29:57 PM
25 verbose etag "9UREHV6BOLFS2DABKXRDICKW5"
26 http request GET https://registry.npmjs.org/flot
27 verbose request uri https://registry.npmjs.org/jquery
28 verbose request no auth needed
29 info attempt registry request try #1 at 6:29:58 PM
30 verbose etag "7MTBQVA18O59QYMQM9TY3F3AT"
31 http request GET https://registry.npmjs.org/jquery
32 http 304 https://registry.npmjs.org/bootstrap
33 verbose headers { date: 'Fri, 26 Feb 2016 17:30:02 GMT',
33 verbose headers   via: '1.1 varnish',
33 verbose headers   'cache-control': 'max-age=300',
33 verbose headers   etag: '"35RPSIAJ5T4PEJ4MNIPXQ3BST"',
33 verbose headers   age: '219',
33 verbose headers   connection: 'keep-alive',
33 verbose headers   'x-served-by': 'cache-fra1226-FRA',
33 verbose headers   'x-cache': 'HIT',
33 verbose headers   'x-cache-hits': '1',
33 verbose headers   'x-timer': 'S1456507802.786592,VS0,VE0',
33 verbose headers   vary: 'Accept' }
34 silly get cb [ 304,
34 silly get   { date: 'Fri, 26 Feb 2016 17:30:02 GMT',
34 silly get     via: '1.1 varnish',
34 silly get     'cache-control': 'max-age=300',
34 silly get     etag: '"35RPSIAJ5T4PEJ4MNIPXQ3BST"',
34 silly get     age: '219',
34 silly get     connection: 'keep-alive',
34 silly get     'x-served-by': 'cache-fra1226-FRA',
34 silly get     'x-cache': 'HIT',
34 silly get     'x-cache-hits': '1',
34 silly get     'x-timer': 'S1456507802.786592,VS0,VE0',
34 silly get     vary: 'Accept' } ]
35 verbose etag https://registry.npmjs.org/bootstrap from cache
36 verbose get saving bootstrap to /home/marek/.npm/registry.npmjs.org/bootstrap/.cache.json
37 http 304 https://registry.npmjs.org/jquery
38 verbose headers { date: 'Fri, 26 Feb 2016 17:30:02 GMT',
38 verbose headers   via: '1.1 varnish',
38 verbose headers   'cache-control': 'max-age=300',
38 verbose headers   etag: '"7MTBQVA18O59QYMQM9TY3F3AT"',
38 verbose headers   age: '135',
38 verbose headers   connection: 'keep-alive',
38 verbose headers   'x-served-by': 'cache-fra1233-FRA',
38 verbose headers   'x-cache': 'HIT',
38 verbose headers   'x-cache-hits': '1',
38 verbose headers   'x-timer': 'S1456507802.844280,VS0,VE0',
38 verbose headers   vary: 'Accept' }
39 silly get cb [ 304,
39 silly get   { date: 'Fri, 26 Feb 2016 17:30:02 GMT',
39 silly get     via: '1.1 varnish',
39 silly get     'cache-control': 'max-age=300',
39 silly get     etag: '"7MTBQVA18O59QYMQM9TY3F3AT"',
39 silly get     age: '135',
39 silly get     connection: 'keep-alive',
39 silly get     'x-served-by': 'cache-fra1233-FRA',
39 silly get     'x-cache': 'HIT',
39 silly get     'x-cache-hits': '1',
39 silly get     'x-timer': 'S1456507802.844280,VS0,VE0',
39 silly get     vary: 'Accept' } ]
40 verbose etag https://registry.npmjs.org/jquery from cache
41 verbose get saving jquery to /home/marek/.npm/registry.npmjs.org/jquery/.cache.json
42 http 304 https://registry.npmjs.org/flot
43 verbose headers { date: 'Fri, 26 Feb 2016 17:30:02 GMT',
43 verbose headers   via: '1.1 varnish',
43 verbose headers   'cache-control': 'max-age=300',
43 verbose headers   etag: '"9UREHV6BOLFS2DABKXRDICKW5"',
43 verbose headers   age: '0',
43 verbose headers   connection: 'keep-alive',
43 verbose headers   'x-served-by': 'cache-fra1220-FRA',
43 verbose headers   'x-cache': 'MISS',
43 verbose headers   'x-cache-hits': '0',
43 verbose headers   'x-timer': 'S1456507802.837435,VS0,VE103',
43 verbose headers   vary: 'Accept' }
44 silly get cb [ 304,
44 silly get   { date: 'Fri, 26 Feb 2016 17:30:02 GMT',
44 silly get     via: '1.1 varnish',
44 silly get     'cache-control': 'max-age=300',
44 silly get     etag: '"9UREHV6BOLFS2DABKXRDICKW5"',
44 silly get     age: '0',
44 silly get     connection: 'keep-alive',
44 silly get     'x-served-by': 'cache-fra1220-FRA',
44 silly get     'x-cache': 'MISS',
44 silly get     'x-cache-hits': '0',
44 silly get     'x-timer': 'S1456507802.837435,VS0,VE103',
44 silly get     vary: 'Accept' } ]
45 verbose etag https://registry.npmjs.org/flot from cache
46 verbose get saving flot to /home/marek/.npm/registry.npmjs.org/flot/.cache.json
47 silly cache add args [ 'flot', '^0.8.3' ]
48 verbose cache add spec flot@^0.8.3
49 silly cache add parsed spec Result {
49 silly cache add   raw: 'flot@^0.8.3',
49 silly cache add   scope: null,
49 silly cache add   name: 'flot',
49 silly cache add   rawSpec: '^0.8.3',
49 silly cache add   spec: '>=0.8.3 <0.9.0',
49 silly cache add   type: 'range' }
50 silly addNamed flot@>=0.8.3 <0.9.0
51 verbose addNamed ">=0.8.3 <0.9.0" is a valid semver range for flot
52 silly addNameRange { name: 'flot', range: '>=0.8.3 <0.9.0', hasData: false }
53 silly mapToRegistry name flot
54 silly mapToRegistry using default registry
55 silly mapToRegistry registry https://registry.npmjs.org/
56 silly mapToRegistry uri https://registry.npmjs.org/flot
57 verbose addNameRange registry:https://registry.npmjs.org/flot not in flight; fetching
58 verbose get https://registry.npmjs.org/flot not expired, no request
59 silly addNameRange number 2 { name: 'flot', range: '>=0.8.3 <0.9.0', hasData: true }
60 silly addNameRange versions [ 'flot', [ '0.8.0-alpha' ] ]
61 verbose stack Error: No compatible version found: flot@'>=0.8.3 <0.9.0'
61 verbose stack Valid install targets:
61 verbose stack ["0.8.0-alpha"]
61 verbose stack
61 verbose stack     at installTargetsError (/usr/local/lib/node_modules/npm/lib/cache/add-named.js:284:12)
61 verbose stack     at next (/usr/local/lib/node_modules/npm/lib/cache/add-named.js:262:19)
61 verbose stack     at setData (/usr/local/lib/node_modules/npm/lib/cache/add-named.js:236:5)
61 verbose stack     at RES (/usr/local/lib/node_modules/npm/node_modules/inflight/inflight.js:23:14)
61 verbose stack     at f (/usr/local/lib/node_modules/npm/node_modules/once/once.js:17:25)
61 verbose stack     at fixName (/usr/local/lib/node_modules/npm/lib/cache/add-named.js:29:5)
61 verbose stack     at CachingRegistryClient.get_ (/usr/local/lib/node_modules/npm/lib/cache/caching-client.js:125:16)
61 verbose stack     at /usr/local/lib/node_modules/npm/lib/cache/caching-client.js:91:14
61 verbose stack     at /usr/local/lib/node_modules/npm/node_modules/graceful-fs/graceful-fs.js:76:16
61 verbose stack     at FSReqWrap.readFileAfterClose [as oncomplete] (fs.js:380:3)
62 verbose cwd /var/www/html
63 error Linux 4.1.15-v7+
64 error argv "/usr/local/bin/node" "/usr/local/bin/npm" "update"
65 error node v4.3.0
66 error npm  v2.14.12
67 error code ETARGET
68 error notarget No compatible version found: flot@'>=0.8.3 <0.9.0'
68 error notarget Valid install targets:
68 error notarget ["0.8.0-alpha"]
68 error notarget
68 error notarget This is most likely not a problem with npm itself.
68 error notarget In most cases you or one of your dependencies are requesting
68 error notarget a package version that doesn't exist.
69 verbose exit [ 1, true ]
